<?xml version="1.0" encoding="UTF-8"?>
<!-- Generated by org.testng.reporters.JUnitReportReporter -->
<testsuite hostname="Samapty-IT" failures="0" tests="1" name="tests.OtherTransaction_Module" time="102.416" errors="0" timestamp="2022-08-23T14:21:58 BDT" skipped="0">
  <testcase classname="tests.OtherTransaction_Module" name="OtherTransaction" time="102.416"/>
  <system-out/>
</testsuite> <!-- tests.OtherTransaction_Module -->
