<?xml version="1.0" encoding="UTF-8"?>
<!-- Generated by org.testng.reporters.JUnitReportReporter -->
<testsuite hostname="Samapty-IT" failures="0" tests="1" name="tests.BadDebtTransaction_Module" time="42.651" errors="0" timestamp="2022-05-16T11:27:30 BDT" skipped="0">
  <testcase classname="tests.BadDebtTransaction_Module" name="BadDebtTransaction" time="42.651"/>
  <system-out/>
</testsuite> <!-- tests.BadDebtTransaction_Module -->
