<?xml version="1.0" encoding="UTF-8"?>
<!-- Generated by org.testng.reporters.JUnitReportReporter -->
<testsuite hostname="Samapty-IT" failures="0" tests="1" name="tests.SecurityTransaction_Module" time="107.566" errors="0" timestamp="2022-07-25T10:43:42 BDT" skipped="0">
  <testcase classname="tests.SecurityTransaction_Module" name="SecurityTransaction" time="107.566"/>
  <system-out/>
</testsuite> <!-- tests.SecurityTransaction_Module -->
